[ 2016-03-19T16:27:27+08:00 ] ::1 /graduationproject/index.php/home/user/user/userid/1036.html
INFO: [ app_init ] --START--
INFO: Run Behavior\BuildLiteBehavior [ RunTime:0.000024s ]
INFO: [ app_init ] --END-- [ RunTime:0.007046s ]

[ 2016-03-19T16:27:32+08:00 ] ::1 /graduationproject/index.php/home/nation/index.html
INFO: [ app_init ] --START--
INFO: Run Behavior\BuildLiteBehavior [ RunTime:0.000005s ]
INFO: [ app_init ] --END-- [ RunTime:0.000178s ]

[ 2016-03-19T16:27:35+08:00 ] ::1 /graduationproject/index.php/home/books/detail/id/7.html
INFO: [ app_init ] --START--
INFO: Run Behavior\BuildLiteBehavior [ RunTime:0.000011s ]
INFO: [ app_init ] --END-- [ RunTime:0.000320s ]

[ 2016-03-19T16:27:40+08:00 ] ::1 /graduationproject/index.php/home/nation/index.html
INFO: [ app_init ] --START--
INFO: Run Behavior\BuildLiteBehavior [ RunTime:0.000009s ]
INFO: [ app_init ] --END-- [ RunTime:0.000247s ]

[ 2016-03-19T16:27:41+08:00 ] ::1 /graduationproject/index.php/home/articles/index.html
INFO: [ app_init ] --START--
INFO: Run Behavior\BuildLiteBehavior [ RunTime:0.000007s ]
INFO: [ app_init ] --END-- [ RunTime:0.000210s ]

[ 2016-03-19T16:27:45+08:00 ] ::1 /graduationproject/index.php/home/articles/articledetail/id/12.html
INFO: [ app_init ] --START--
INFO: Run Behavior\BuildLiteBehavior [ RunTime:0.000057s ]
INFO: [ app_init ] --END-- [ RunTime:0.000364s ]

[ 2016-03-19T16:27:55+08:00 ] ::1 /graduationproject/index.php/home/articles/articledetail/id/11.html
INFO: [ app_init ] --START--
INFO: Run Behavior\BuildLiteBehavior [ RunTime:0.000079s ]
INFO: [ app_init ] --END-- [ RunTime:0.000381s ]

[ 2016-03-19T16:28:01+08:00 ] ::1 /graduationproject/index.php/home/articles/articledetail/id/10.html
INFO: [ app_init ] --START--
INFO: Run Behavior\BuildLiteBehavior [ RunTime:0.000011s ]
INFO: [ app_init ] --END-- [ RunTime:0.000317s ]

[ 2016-03-19T16:28:10+08:00 ] ::1 /graduationproject/index.php/home/articles/articledetail/id/5.html
INFO: [ app_init ] --START--
INFO: Run Behavior\BuildLiteBehavior [ RunTime:0.000011s ]
INFO: [ app_init ] --END-- [ RunTime:0.000315s ]

[ 2016-03-19T16:28:16+08:00 ] ::1 /graduationproject/index.php/home/articles/articledetail/id/9.html
INFO: [ app_init ] --START--
INFO: Run Behavior\BuildLiteBehavior [ RunTime:0.000055s ]
INFO: [ app_init ] --END-- [ RunTime:0.000383s ]

[ 2016-03-19T16:34:40+08:00 ] ::1 /graduationproject/index.php/home/login/login.html
INFO: [ app_init ] --START--
INFO: Run Behavior\BuildLiteBehavior [ RunTime:0.000006s ]
INFO: [ app_init ] --END-- [ RunTime:0.000232s ]

[ 2016-03-19T16:37:29+08:00 ] ::1 /graduationproject/index.php/home/login/login.html
INFO: [ app_init ] --START--
INFO: Run Behavior\BuildLiteBehavior [ RunTime:0.000023s ]
INFO: [ app_init ] --END-- [ RunTime:0.003528s ]

[ 2016-03-19T16:37:42+08:00 ] ::1 /graduationproject/index.php/home/login/forget.html
INFO: [ app_init ] --START--
INFO: Run Behavior\BuildLiteBehavior [ RunTime:0.000007s ]
INFO: [ app_init ] --END-- [ RunTime:0.000191s ]
ERR: 非法操作:forget

[ 2016-03-19T16:38:01+08:00 ] ::1 /graduationproject/index.php/home/login/forget.html
INFO: [ app_init ] --START--
INFO: Run Behavior\BuildLiteBehavior [ RunTime:0.000007s ]
INFO: [ app_init ] --END-- [ RunTime:0.000182s ]
ERR: 非法操作:forget

[ 2016-03-19T16:38:01+08:00 ] ::1 /graduationproject/index.php/home/login/forget.html
INFO: [ app_init ] --START--
INFO: Run Behavior\BuildLiteBehavior [ RunTime:0.000009s ]
INFO: [ app_init ] --END-- [ RunTime:0.000293s ]
ERR: 非法操作:forget

[ 2016-03-19T16:38:02+08:00 ] ::1 /graduationproject/index.php/home/login/forget.html
INFO: [ app_init ] --START--
INFO: Run Behavior\BuildLiteBehavior [ RunTime:0.000012s ]
INFO: [ app_init ] --END-- [ RunTime:0.000375s ]
ERR: 非法操作:forget

[ 2016-03-19T16:38:02+08:00 ] ::1 /graduationproject/index.php/home/login/forget.html
INFO: [ app_init ] --START--
INFO: Run Behavior\BuildLiteBehavior [ RunTime:0.000006s ]
INFO: [ app_init ] --END-- [ RunTime:0.000178s ]
ERR: 非法操作:forget

[ 2016-03-19T16:38:03+08:00 ] ::1 /graduationproject/index.php/home/login/forget.html
INFO: [ app_init ] --START--
INFO: Run Behavior\BuildLiteBehavior [ RunTime:0.000013s ]
INFO: [ app_init ] --END-- [ RunTime:0.000361s ]
ERR: 非法操作:forget

[ 2016-03-19T16:38:03+08:00 ] ::1 /graduationproject/index.php/home/login/forget.html
INFO: [ app_init ] --START--
INFO: Run Behavior\BuildLiteBehavior [ RunTime:0.000009s ]
INFO: [ app_init ] --END-- [ RunTime:0.000249s ]
ERR: 非法操作:forget

[ 2016-03-19T16:38:07+08:00 ] ::1 /graduationproject/index.php/home/nation/index.html
INFO: [ app_init ] --START--
INFO: Run Behavior\BuildLiteBehavior [ RunTime:0.000008s ]
INFO: [ app_init ] --END-- [ RunTime:0.000246s ]

[ 2016-03-19T16:38:08+08:00 ] ::1 /graduationproject/index.php/home/nation/index.html
INFO: [ app_init ] --START--
INFO: Run Behavior\BuildLiteBehavior [ RunTime:0.000023s ]
INFO: [ app_init ] --END-- [ RunTime:0.000736s ]

[ 2016-03-19T16:38:09+08:00 ] ::1 /graduationproject/index.php/home/login/login.html
INFO: [ app_init ] --START--
INFO: Run Behavior\BuildLiteBehavior [ RunTime:0.000006s ]
INFO: [ app_init ] --END-- [ RunTime:0.000184s ]

[ 2016-03-19T16:38:10+08:00 ] ::1 /graduationproject/index.php/home/login/forgot.html
INFO: [ app_init ] --START--
INFO: Run Behavior\BuildLiteBehavior [ RunTime:0.000008s ]
INFO: [ app_init ] --END-- [ RunTime:0.000386s ]

[ 2016-03-19T16:41:22+08:00 ] ::1 /graduationproject/index.php/home/login/forgot.html
INFO: [ app_init ] --START--
INFO: Run Behavior\BuildLiteBehavior [ RunTime:0.000009s ]
INFO: [ app_init ] --END-- [ RunTime:0.000305s ]

[ 2016-03-19T16:42:05+08:00 ] ::1 /graduationproject/index.php/home/login/forgot.html
INFO: [ app_init ] --START--
INFO: Run Behavior\BuildLiteBehavior [ RunTime:0.000008s ]
INFO: [ app_init ] --END-- [ RunTime:0.000241s ]

[ 2016-03-19T16:42:07+08:00 ] ::1 /graduationproject/index.php/home/login/forgot.html
INFO: [ app_init ] --START--
INFO: Run Behavior\BuildLiteBehavior [ RunTime:0.000007s ]
INFO: [ app_init ] --END-- [ RunTime:0.000250s ]

[ 2016-03-19T16:42:08+08:00 ] ::1 /graduationproject/index.php/home/login/forgot.html
INFO: [ app_init ] --START--
INFO: Run Behavior\BuildLiteBehavior [ RunTime:0.000006s ]
INFO: [ app_init ] --END-- [ RunTime:0.000187s ]

[ 2016-03-19T16:42:13+08:00 ] ::1 /graduationproject/index.php/home/login/forgot.html
INFO: [ app_init ] --START--
INFO: Run Behavior\BuildLiteBehavior [ RunTime:0.000018s ]
INFO: [ app_init ] --END-- [ RunTime:0.000507s ]

[ 2016-03-19T16:42:14+08:00 ] ::1 /graduationproject/index.php/home/login/forgot.html
INFO: [ app_init ] --START--
INFO: Run Behavior\BuildLiteBehavior [ RunTime:0.000008s ]
INFO: [ app_init ] --END-- [ RunTime:0.000243s ]

[ 2016-03-19T16:42:17+08:00 ] ::1 /graduationproject/index.php/home/login/forgot.html
INFO: [ app_init ] --START--
INFO: Run Behavior\BuildLiteBehavior [ RunTime:0.000008s ]
INFO: [ app_init ] --END-- [ RunTime:0.000250s ]

[ 2016-03-19T16:42:42+08:00 ] ::1 /graduationproject/index.php/home/login/forgot.html
INFO: [ app_init ] --START--
INFO: Run Behavior\BuildLiteBehavior [ RunTime:0.000014s ]
INFO: [ app_init ] --END-- [ RunTime:0.000481s ]

[ 2016-03-19T16:42:42+08:00 ] ::1 /graduationproject/index.php/home/login/forgot.html
INFO: [ app_init ] --START--
INFO: Run Behavior\BuildLiteBehavior [ RunTime:0.000008s ]
INFO: [ app_init ] --END-- [ RunTime:0.000213s ]

[ 2016-03-19T16:42:43+08:00 ] ::1 /graduationproject/index.php/home/login/forgot.html
INFO: [ app_init ] --START--
INFO: Run Behavior\BuildLiteBehavior [ RunTime:0.000007s ]
INFO: [ app_init ] --END-- [ RunTime:0.000238s ]

[ 2016-03-19T16:42:53+08:00 ] ::1 /graduationproject/index.php/home/articles/writearticle.html
INFO: [ app_init ] --START--
INFO: Run Behavior\BuildLiteBehavior [ RunTime:0.000010s ]
INFO: [ app_init ] --END-- [ RunTime:0.000280s ]

[ 2016-03-19T16:42:53+08:00 ] ::1 /graduationproject/index.php/home/login/login.html
INFO: [ app_init ] --START--
INFO: Run Behavior\BuildLiteBehavior [ RunTime:0.000011s ]
INFO: [ app_init ] --END-- [ RunTime:0.000423s ]

[ 2016-03-19T16:42:57+08:00 ] ::1 /graduationproject/index.php/home/login/trylogin.html
INFO: [ app_init ] --START--
INFO: Run Behavior\BuildLiteBehavior [ RunTime:0.000006s ]
INFO: [ app_init ] --END-- [ RunTime:0.000208s ]
INFO: [ app_begin ] --START--
INFO: Run Behavior\ReadHtmlCacheBehavior [ RunTime:0.000229s ]
INFO: [ app_begin ] --END-- [ RunTime:0.000250s ]
SQL: SELECT `id`,`name`,`email`,`selfintroduction`,`headerimage`,`gender`,`credit`,`star`,`lat`,`lng`,`address`,`books`,`articles` FROM `gt_user` WHERE `id` = null AND `status` = 1 LIMIT 1   [ RunTime:0.0002s ]
SQL: SELECT `id`,`account`,`userid`,`username`,`password` FROM `gt_login` WHERE `account` = 'sam@163.com' AND `status` = 1 LIMIT 1   [ RunTime:0.0138s ]

[ 2016-03-19T16:42:57+08:00 ] ::1 /graduationproject/index.php/home/nation/index.html
INFO: [ app_init ] --START--
INFO: Run Behavior\BuildLiteBehavior [ RunTime:0.000006s ]
INFO: [ app_init ] --END-- [ RunTime:0.000181s ]

[ 2016-03-19T16:42:58+08:00 ] ::1 /graduationproject/index.php/home/articles/writearticle.html
INFO: [ app_init ] --START--
INFO: Run Behavior\BuildLiteBehavior [ RunTime:0.000011s ]
INFO: [ app_init ] --END-- [ RunTime:0.000276s ]

[ 2016-03-19T16:43:19+08:00 ] ::1 /graduationproject/index.php/home/login/logout.html
INFO: [ app_init ] --START--
INFO: Run Behavior\BuildLiteBehavior [ RunTime:0.000012s ]
INFO: [ app_init ] --END-- [ RunTime:0.000248s ]
INFO: [ app_begin ] --START--
INFO: Run Behavior\ReadHtmlCacheBehavior [ RunTime:0.000605s ]
INFO: [ app_begin ] --END-- [ RunTime:0.000651s ]
SQL: SELECT `id`,`name`,`email`,`selfintroduction`,`headerimage`,`gender`,`credit`,`star`,`lat`,`lng`,`address`,`books`,`articles` FROM `gt_user` WHERE `id` = 1035 AND `status` = 1 LIMIT 1   [ RunTime:0.0003s ]

[ 2016-03-19T16:43:19+08:00 ] ::1 /graduationproject/index.php/home/nation/index.html
INFO: [ app_init ] --START--
INFO: Run Behavior\BuildLiteBehavior [ RunTime:0.000008s ]
INFO: [ app_init ] --END-- [ RunTime:0.000219s ]
INFO: [ app_begin ] --START--
INFO: Run Behavior\ReadHtmlCacheBehavior [ RunTime:0.000276s ]
INFO: [ app_begin ] --END-- [ RunTime:0.000301s ]
SQL: SELECT `id`,`name`,`email`,`selfintroduction`,`headerimage`,`gender`,`credit`,`star`,`lat`,`lng`,`address`,`books`,`articles` FROM `gt_user` WHERE `id` = null AND `status` = 1 LIMIT 1   [ RunTime:0.0002s ]
SQL: SELECT `id`,`title`,`cover`,`author`,`content`,`type`,`status`,`lat`,`lng` FROM `gt_user_books` WHERE `status` = 1 ORDER BY ctime desc  [ RunTime:0.0003s ]
NOTIC: [2] unpack(): Type V: not enough input, need 4, have 0 /Applications/XAMPP/xamppfiles/htdocs/graduationProject/ThinkPHP/Library/Org/Net/IpLocation.class.php 第 69 行.
NOTIC: [2] unpack(): Type V: not enough input, need 4, have 1 /Applications/XAMPP/xamppfiles/htdocs/graduationProject/ThinkPHP/Library/Org/Net/IpLocation.class.php 第 81 行.
INFO: [ view_parse ] --START--
INFO: [ template_filter ] --START--
INFO: Run Behavior\ContentReplaceBehavior [ RunTime:0.000049s ]
INFO: [ template_filter ] --END-- [ RunTime:0.000070s ]
INFO: Run Behavior\ParseTemplateBehavior [ RunTime:0.004688s ]
INFO: [ view_parse ] --END-- [ RunTime:0.004723s ]
INFO: [ view_filter ] --START--
INFO: Run Behavior\WriteHtmlCacheBehavior [ RunTime:0.000166s ]
INFO: [ view_filter ] --END-- [ RunTime:0.000192s ]
INFO: [ app_end ] --START--
INFO: Run Behavior\ShowPageTraceBehavior [ RunTime:0.000645s ]
INFO: [ app_end ] --END-- [ RunTime:0.000701s ]

[ 2016-03-19T16:43:19+08:00 ] ::1 /graduationproject/index.php/home/articles/writearticle.html
INFO: [ app_init ] --START--
INFO: Run Behavior\BuildLiteBehavior [ RunTime:0.000014s ]
INFO: [ app_init ] --END-- [ RunTime:0.000478s ]

[ 2016-03-19T16:43:19+08:00 ] ::1 /graduationproject/index.php/home/login/login.html
INFO: [ app_init ] --START--
INFO: Run Behavior\BuildLiteBehavior [ RunTime:0.000021s ]
INFO: [ app_init ] --END-- [ RunTime:0.000510s ]

[ 2016-03-19T16:43:21+08:00 ] ::1 /graduationproject/index.php/home/login/forgot.html
INFO: [ app_init ] --START--
INFO: Run Behavior\BuildLiteBehavior [ RunTime:0.000007s ]
INFO: [ app_init ] --END-- [ RunTime:0.000189s ]

[ 2016-03-19T16:43:22+08:00 ] ::1 /graduationproject/index.php/home/login/forgot.html
INFO: [ app_init ] --START--
INFO: Run Behavior\BuildLiteBehavior [ RunTime:0.000012s ]
INFO: [ app_init ] --END-- [ RunTime:0.000335s ]

[ 2016-03-19T16:43:44+08:00 ] ::1 /graduationproject/index.php/home/img/imageUpload.html
INFO: [ app_init ] --START--
INFO: Run Behavior\BuildLiteBehavior [ RunTime:0.000016s ]
INFO: [ app_init ] --END-- [ RunTime:0.003855s ]

[ 2016-03-19T16:44:11+08:00 ] ::1 /graduationproject/index.php/home/login/forgot.html
INFO: [ app_init ] --START--
INFO: Run Behavior\BuildLiteBehavior [ RunTime:0.000014s ]
INFO: [ app_init ] --END-- [ RunTime:0.000635s ]

[ 2016-03-19T16:44:11+08:00 ] ::1 /graduationproject/index.php/home/login/forgot.html
INFO: [ app_init ] --START--
INFO: Run Behavior\BuildLiteBehavior [ RunTime:0.000010s ]
INFO: [ app_init ] --END-- [ RunTime:0.000253s ]

[ 2016-03-19T16:44:22+08:00 ] ::1 /graduationproject/index.php/home/login/forgot.html
INFO: [ app_init ] --START--
INFO: Run Behavior\BuildLiteBehavior [ RunTime:0.000011s ]
INFO: [ app_init ] --END-- [ RunTime:0.000317s ]

[ 2016-03-19T16:44:55+08:00 ] ::1 /graduationproject/index.php/home/login/forgot.html
INFO: [ app_init ] --START--
INFO: Run Behavior\BuildLiteBehavior [ RunTime:0.000006s ]
INFO: [ app_init ] --END-- [ RunTime:0.000205s ]

[ 2016-03-19T16:44:55+08:00 ] ::1 /graduationproject/index.php/home/login/forgot.html
INFO: [ app_init ] --START--
INFO: Run Behavior\BuildLiteBehavior [ RunTime:0.000008s ]
INFO: [ app_init ] --END-- [ RunTime:0.000228s ]

[ 2016-03-19T16:45:07+08:00 ] ::1 /graduationproject/index.php/home/login/forgot.html
INFO: [ app_init ] --START--
INFO: Run Behavior\BuildLiteBehavior [ RunTime:0.000007s ]
INFO: [ app_init ] --END-- [ RunTime:0.000209s ]

[ 2016-03-19T16:45:07+08:00 ] ::1 /graduationproject/index.php/home/login/forgot.html
INFO: [ app_init ] --START--
INFO: Run Behavior\BuildLiteBehavior [ RunTime:0.000007s ]
INFO: [ app_init ] --END-- [ RunTime:0.000210s ]

[ 2016-03-19T16:46:03+08:00 ] ::1 /graduationproject/index.php/home/login/forgot.html
INFO: [ app_init ] --START--
INFO: Run Behavior\BuildLiteBehavior [ RunTime:0.000006s ]
INFO: [ app_init ] --END-- [ RunTime:0.000185s ]

[ 2016-03-19T16:46:03+08:00 ] ::1 /graduationproject/index.php/home/login/forgot.html
INFO: [ app_init ] --START--
INFO: Run Behavior\BuildLiteBehavior [ RunTime:0.000008s ]
INFO: [ app_init ] --END-- [ RunTime:0.000231s ]

[ 2016-03-19T16:46:23+08:00 ] ::1 /graduationproject/index.php/home/login/forgot.html
INFO: [ app_init ] --START--
INFO: Run Behavior\BuildLiteBehavior [ RunTime:0.000008s ]
INFO: [ app_init ] --END-- [ RunTime:0.000247s ]

[ 2016-03-19T16:46:23+08:00 ] ::1 /graduationproject/index.php/home/login/forgot.html
INFO: [ app_init ] --START--
INFO: Run Behavior\BuildLiteBehavior [ RunTime:0.000011s ]
INFO: [ app_init ] --END-- [ RunTime:0.000321s ]

[ 2016-03-19T16:46:48+08:00 ] ::1 /graduationproject/index.php/home/login/forgot.html
INFO: [ app_init ] --START--
INFO: Run Behavior\BuildLiteBehavior [ RunTime:0.000012s ]
INFO: [ app_init ] --END-- [ RunTime:0.000370s ]

[ 2016-03-19T16:46:48+08:00 ] ::1 /graduationproject/index.php/home/login/forgot.html
INFO: [ app_init ] --START--
INFO: Run Behavior\BuildLiteBehavior [ RunTime:0.000008s ]
INFO: [ app_init ] --END-- [ RunTime:0.000247s ]

[ 2016-03-19T16:46:48+08:00 ] ::1 /graduationproject/index.php/home/login/forgot.html
INFO: [ app_init ] --START--
INFO: Run Behavior\BuildLiteBehavior [ RunTime:0.000007s ]
INFO: [ app_init ] --END-- [ RunTime:0.000213s ]

[ 2016-03-19T16:46:49+08:00 ] ::1 /graduationproject/index.php/home/login/forgot.html
INFO: [ app_init ] --START--
INFO: Run Behavior\BuildLiteBehavior [ RunTime:0.000012s ]
INFO: [ app_init ] --END-- [ RunTime:0.000365s ]

[ 2016-03-19T16:47:01+08:00 ] ::1 /graduationproject/index.php/home/login/forgot.html
INFO: [ app_init ] --START--
INFO: Run Behavior\BuildLiteBehavior [ RunTime:0.000009s ]
INFO: [ app_init ] --END-- [ RunTime:0.000274s ]

[ 2016-03-19T16:47:01+08:00 ] ::1 /graduationproject/index.php/home/login/forgot.html
INFO: [ app_init ] --START--
INFO: Run Behavior\BuildLiteBehavior [ RunTime:0.000009s ]
INFO: [ app_init ] --END-- [ RunTime:0.000250s ]

[ 2016-03-19T16:47:30+08:00 ] ::1 /graduationproject/index.php/home/login/forgot.html
INFO: [ app_init ] --START--
INFO: Run Behavior\BuildLiteBehavior [ RunTime:0.000016s ]
INFO: [ app_init ] --END-- [ RunTime:0.000429s ]

[ 2016-03-19T16:47:30+08:00 ] ::1 /graduationproject/index.php/home/login/forgot.html
INFO: [ app_init ] --START--
INFO: Run Behavior\BuildLiteBehavior [ RunTime:0.000009s ]
INFO: [ app_init ] --END-- [ RunTime:0.000257s ]

[ 2016-03-19T16:47:31+08:00 ] ::1 /graduationproject/index.php/home/login/forgot.html
INFO: [ app_init ] --START--
INFO: Run Behavior\BuildLiteBehavior [ RunTime:0.000011s ]
INFO: [ app_init ] --END-- [ RunTime:0.000370s ]

[ 2016-03-19T16:48:11+08:00 ] ::1 /graduationproject/index.php/home/login/forgot.html
INFO: [ app_init ] --START--
INFO: Run Behavior\BuildLiteBehavior [ RunTime:0.000006s ]
INFO: [ app_init ] --END-- [ RunTime:0.000185s ]

[ 2016-03-19T16:48:11+08:00 ] ::1 /graduationproject/index.php/home/login/forgot.html
INFO: [ app_init ] --START--
INFO: Run Behavior\BuildLiteBehavior [ RunTime:0.000008s ]
INFO: [ app_init ] --END-- [ RunTime:0.000206s ]

[ 2016-03-19T16:48:40+08:00 ] ::1 /graduationproject/index.php/home/login/forgot.html
INFO: [ app_init ] --START--
INFO: Run Behavior\BuildLiteBehavior [ RunTime:0.000008s ]
INFO: [ app_init ] --END-- [ RunTime:0.000243s ]

[ 2016-03-19T16:48:40+08:00 ] ::1 /graduationproject/index.php/home/login/forgot.html
INFO: [ app_init ] --START--
INFO: Run Behavior\BuildLiteBehavior [ RunTime:0.000011s ]
INFO: [ app_init ] --END-- [ RunTime:0.000387s ]

[ 2016-03-19T16:48:45+08:00 ] ::1 /graduationproject/index.php/home/login/forgot.html
INFO: [ app_init ] --START--
INFO: Run Behavior\BuildLiteBehavior [ RunTime:0.000008s ]
INFO: [ app_init ] --END-- [ RunTime:0.000237s ]

[ 2016-03-19T16:48:46+08:00 ] ::1 /graduationproject/index.php/home/login/forgot.html
INFO: [ app_init ] --START--
INFO: Run Behavior\BuildLiteBehavior [ RunTime:0.000009s ]
INFO: [ app_init ] --END-- [ RunTime:0.000281s ]

[ 2016-03-19T16:48:46+08:00 ] ::1 /graduationproject/index.php/home/login/forgot.html
INFO: [ app_init ] --START--
INFO: Run Behavior\BuildLiteBehavior [ RunTime:0.000021s ]
INFO: [ app_init ] --END-- [ RunTime:0.000528s ]

[ 2016-03-19T16:48:49+08:00 ] ::1 /graduationproject/index.php/home/login/forgot.html
INFO: [ app_init ] --START--
INFO: Run Behavior\BuildLiteBehavior [ RunTime:0.000006s ]
INFO: [ app_init ] --END-- [ RunTime:0.000186s ]

[ 2016-03-19T16:49:02+08:00 ] ::1 /graduationproject/index.php/home/login/forgot.html
INFO: [ app_init ] --START--
INFO: Run Behavior\BuildLiteBehavior [ RunTime:0.000006s ]
INFO: [ app_init ] --END-- [ RunTime:0.000181s ]

[ 2016-03-19T16:49:03+08:00 ] ::1 /graduationproject/index.php/home/login/forgot.html
INFO: [ app_init ] --START--
INFO: Run Behavior\BuildLiteBehavior [ RunTime:0.000009s ]
INFO: [ app_init ] --END-- [ RunTime:0.000254s ]

[ 2016-03-19T16:49:03+08:00 ] ::1 /graduationproject/index.php/home/login/forgot.html
INFO: [ app_init ] --START--
INFO: Run Behavior\BuildLiteBehavior [ RunTime:0.000007s ]
INFO: [ app_init ] --END-- [ RunTime:0.000190s ]

[ 2016-03-19T16:49:04+08:00 ] ::1 /graduationproject/index.php/home/login/forgot.html
INFO: [ app_init ] --START--
INFO: Run Behavior\BuildLiteBehavior [ RunTime:0.000013s ]
INFO: [ app_init ] --END-- [ RunTime:0.000355s ]

[ 2016-03-19T16:49:04+08:00 ] ::1 /graduationproject/index.php/home/login/forgot.html
INFO: [ app_init ] --START--
INFO: Run Behavior\BuildLiteBehavior [ RunTime:0.000007s ]
INFO: [ app_init ] --END-- [ RunTime:0.000198s ]

[ 2016-03-19T16:49:06+08:00 ] ::1 /graduationproject/index.php/home/login/forgot.html
INFO: [ app_init ] --START--
INFO: Run Behavior\BuildLiteBehavior [ RunTime:0.000008s ]
INFO: [ app_init ] --END-- [ RunTime:0.000300s ]

[ 2016-03-19T16:49:39+08:00 ] ::1 /graduationproject/index.php/home/login/forgot.html
INFO: [ app_init ] --START--
INFO: Run Behavior\BuildLiteBehavior [ RunTime:0.000008s ]
INFO: [ app_init ] --END-- [ RunTime:0.000233s ]

[ 2016-03-19T16:50:57+08:00 ] ::1 /graduationproject/index.php/home/login/forgot.html
INFO: [ app_init ] --START--
INFO: Run Behavior\BuildLiteBehavior [ RunTime:0.000016s ]
INFO: [ app_init ] --END-- [ RunTime:0.004000s ]

[ 2016-03-19T16:50:58+08:00 ] ::1 /graduationproject/index.php/home/login/forgot.html
INFO: [ app_init ] --START--
INFO: Run Behavior\BuildLiteBehavior [ RunTime:0.000006s ]
INFO: [ app_init ] --END-- [ RunTime:0.000187s ]

[ 2016-03-19T16:51:09+08:00 ] ::1 /graduationproject/index.php/home/login/forgot.html
INFO: [ app_init ] --START--
INFO: Run Behavior\BuildLiteBehavior [ RunTime:0.000012s ]
INFO: [ app_init ] --END-- [ RunTime:0.000378s ]

[ 2016-03-19T16:51:09+08:00 ] ::1 /graduationproject/index.php/home/login/forgot.html
INFO: [ app_init ] --START--
INFO: Run Behavior\BuildLiteBehavior [ RunTime:0.000013s ]
INFO: [ app_init ] --END-- [ RunTime:0.000552s ]

[ 2016-03-19T16:51:10+08:00 ] ::1 /graduationproject/index.php/home/login/forgot.html
INFO: [ app_init ] --START--
INFO: Run Behavior\BuildLiteBehavior [ RunTime:0.000006s ]
INFO: [ app_init ] --END-- [ RunTime:0.000182s ]

[ 2016-03-19T16:51:27+08:00 ] ::1 /graduationproject/index.php/home/login/forgot.html
INFO: [ app_init ] --START--
INFO: Run Behavior\BuildLiteBehavior [ RunTime:0.000026s ]
INFO: [ app_init ] --END-- [ RunTime:0.000825s ]

[ 2016-03-19T16:51:28+08:00 ] ::1 /graduationproject/index.php/home/login/forgot.html
INFO: [ app_init ] --START--
INFO: Run Behavior\BuildLiteBehavior [ RunTime:0.000016s ]
INFO: [ app_init ] --END-- [ RunTime:0.000484s ]

[ 2016-03-19T16:51:28+08:00 ] ::1 /graduationproject/index.php/home/login/forgot.html
INFO: [ app_init ] --START--
INFO: Run Behavior\BuildLiteBehavior [ RunTime:0.000006s ]
INFO: [ app_init ] --END-- [ RunTime:0.000184s ]

[ 2016-03-19T16:52:48+08:00 ] ::1 /graduationproject/index.php/home/login/forgot.html
INFO: [ app_init ] --START--
INFO: Run Behavior\BuildLiteBehavior [ RunTime:0.000006s ]
INFO: [ app_init ] --END-- [ RunTime:0.000182s ]

[ 2016-03-19T16:52:48+08:00 ] ::1 /graduationproject/index.php/home/login/forgot.html
INFO: [ app_init ] --START--
INFO: Run Behavior\BuildLiteBehavior [ RunTime:0.000006s ]
INFO: [ app_init ] --END-- [ RunTime:0.000179s ]

[ 2016-03-19T16:52:49+08:00 ] ::1 /graduationproject/index.php/home/login/forgot.html
INFO: [ app_init ] --START--
INFO: Run Behavior\BuildLiteBehavior [ RunTime:0.000012s ]
INFO: [ app_init ] --END-- [ RunTime:0.000332s ]

[ 2016-03-19T16:52:49+08:00 ] ::1 /graduationproject/index.php/home/login/forgot.html
INFO: [ app_init ] --START--
INFO: Run Behavior\BuildLiteBehavior [ RunTime:0.000007s ]
INFO: [ app_init ] --END-- [ RunTime:0.000209s ]

[ 2016-03-19T16:52:56+08:00 ] ::1 /graduationproject/index.php/home/login/forgot.html
INFO: [ app_init ] --START--
INFO: Run Behavior\BuildLiteBehavior [ RunTime:0.000010s ]
INFO: [ app_init ] --END-- [ RunTime:0.000250s ]

[ 2016-03-19T16:52:57+08:00 ] ::1 /graduationproject/index.php/home/login/forgot.html
INFO: [ app_init ] --START--
INFO: Run Behavior\BuildLiteBehavior [ RunTime:0.000008s ]
INFO: [ app_init ] --END-- [ RunTime:0.000243s ]

[ 2016-03-19T16:53:07+08:00 ] ::1 /graduationproject/index.php/home/login/forgot.html
INFO: [ app_init ] --START--
INFO: Run Behavior\BuildLiteBehavior [ RunTime:0.000006s ]
INFO: [ app_init ] --END-- [ RunTime:0.000180s ]

[ 2016-03-19T16:53:08+08:00 ] ::1 /graduationproject/index.php/home/login/forgot.html
INFO: [ app_init ] --START--
INFO: Run Behavior\BuildLiteBehavior [ RunTime:0.000008s ]
INFO: [ app_init ] --END-- [ RunTime:0.000245s ]

[ 2016-03-19T16:53:09+08:00 ] ::1 /graduationproject/index.php/home/login/forgot.html
INFO: [ app_init ] --START--
INFO: Run Behavior\BuildLiteBehavior [ RunTime:0.000006s ]
INFO: [ app_init ] --END-- [ RunTime:0.000185s ]

[ 2016-03-19T16:53:10+08:00 ] ::1 /graduationproject/index.php/home/login/forgot.html
INFO: [ app_init ] --START--
INFO: Run Behavior\BuildLiteBehavior [ RunTime:0.000012s ]
INFO: [ app_init ] --END-- [ RunTime:0.000367s ]

[ 2016-03-19T16:53:10+08:00 ] ::1 /graduationproject/index.php/home/login/forgot.html
INFO: [ app_init ] --START--
INFO: Run Behavior\BuildLiteBehavior [ RunTime:0.000012s ]
INFO: [ app_init ] --END-- [ RunTime:0.000399s ]

[ 2016-03-19T16:53:10+08:00 ] ::1 /graduationproject/index.php/home/login/forgot.html
INFO: [ app_init ] --START--
INFO: Run Behavior\BuildLiteBehavior [ RunTime:0.000008s ]
INFO: [ app_init ] --END-- [ RunTime:0.000240s ]

[ 2016-03-19T16:53:11+08:00 ] ::1 /graduationproject/index.php/home/login/forgot.html
INFO: [ app_init ] --START--
INFO: Run Behavior\BuildLiteBehavior [ RunTime:0.000007s ]
INFO: [ app_init ] --END-- [ RunTime:0.000212s ]

[ 2016-03-19T16:53:11+08:00 ] ::1 /graduationproject/index.php/home/login/forgot.html
INFO: [ app_init ] --START--
INFO: Run Behavior\BuildLiteBehavior [ RunTime:0.000005s ]
INFO: [ app_init ] --END-- [ RunTime:0.000177s ]

[ 2016-03-19T16:54:05+08:00 ] ::1 /graduationproject/index.php/home/login/forgot.html
INFO: [ app_init ] --START--
INFO: Run Behavior\BuildLiteBehavior [ RunTime:0.000007s ]
INFO: [ app_init ] --END-- [ RunTime:0.000207s ]

[ 2016-03-19T16:54:06+08:00 ] ::1 /graduationproject/index.php/home/login/forgot.html
INFO: [ app_init ] --START--
INFO: Run Behavior\BuildLiteBehavior [ RunTime:0.000009s ]
INFO: [ app_init ] --END-- [ RunTime:0.000301s ]

[ 2016-03-19T16:54:07+08:00 ] ::1 /graduationproject/index.php/home/login/forgot.html
INFO: [ app_init ] --START--
INFO: Run Behavior\BuildLiteBehavior [ RunTime:0.000006s ]
INFO: [ app_init ] --END-- [ RunTime:0.000287s ]

[ 2016-03-19T16:54:10+08:00 ] ::1 /graduationproject/index.php/home/login/forgot.html
INFO: [ app_init ] --START--
INFO: Run Behavior\BuildLiteBehavior [ RunTime:0.000045s ]
INFO: [ app_init ] --END-- [ RunTime:0.001437s ]

[ 2016-03-19T16:54:35+08:00 ] ::1 /graduationproject/index.php/home/login/forgot.html
INFO: [ app_init ] --START--
INFO: Run Behavior\BuildLiteBehavior [ RunTime:0.000011s ]
INFO: [ app_init ] --END-- [ RunTime:0.000376s ]

[ 2016-03-19T16:54:35+08:00 ] ::1 /graduationproject/index.php/home/login/forgot.html
INFO: [ app_init ] --START--
INFO: Run Behavior\BuildLiteBehavior [ RunTime:0.000012s ]
INFO: [ app_init ] --END-- [ RunTime:0.000370s ]

[ 2016-03-19T16:54:35+08:00 ] ::1 /graduationproject/index.php/home/login/forgot.html
INFO: [ app_init ] --START--
INFO: Run Behavior\BuildLiteBehavior [ RunTime:0.000012s ]
INFO: [ app_init ] --END-- [ RunTime:0.000407s ]

[ 2016-03-19T16:54:36+08:00 ] ::1 /graduationproject/index.php/home/login/forgot.html
INFO: [ app_init ] --START--
INFO: Run Behavior\BuildLiteBehavior [ RunTime:0.000013s ]
INFO: [ app_init ] --END-- [ RunTime:0.000381s ]

[ 2016-03-19T16:54:37+08:00 ] ::1 /graduationproject/index.php/home/login/forgot.html
INFO: [ app_init ] --START--
INFO: Run Behavior\BuildLiteBehavior [ RunTime:0.000007s ]
INFO: [ app_init ] --END-- [ RunTime:0.000243s ]

[ 2016-03-19T16:54:37+08:00 ] ::1 /graduationproject/index.php/home/login/forgot.html
INFO: [ app_init ] --START--
INFO: Run Behavior\BuildLiteBehavior [ RunTime:0.000006s ]
INFO: [ app_init ] --END-- [ RunTime:0.000181s ]

[ 2016-03-19T16:54:37+08:00 ] ::1 /graduationproject/index.php/home/login/forgot.html
INFO: [ app_init ] --START--
INFO: Run Behavior\BuildLiteBehavior [ RunTime:0.000008s ]
INFO: [ app_init ] --END-- [ RunTime:0.000239s ]

[ 2016-03-19T16:54:38+08:00 ] ::1 /graduationproject/index.php/home/login/forgot.html
INFO: [ app_init ] --START--
INFO: Run Behavior\BuildLiteBehavior [ RunTime:0.000013s ]
INFO: [ app_init ] --END-- [ RunTime:0.000388s ]

[ 2016-03-19T16:55:47+08:00 ] ::1 /graduationproject/index.php/home/login/forgot.html
INFO: [ app_init ] --START--
INFO: Run Behavior\BuildLiteBehavior [ RunTime:0.000006s ]
INFO: [ app_init ] --END-- [ RunTime:0.000179s ]

[ 2016-03-19T16:55:48+08:00 ] ::1 /graduationproject/index.php/home/login/forgot.html
INFO: [ app_init ] --START--
INFO: Run Behavior\BuildLiteBehavior [ RunTime:0.000009s ]
INFO: [ app_init ] --END-- [ RunTime:0.000294s ]

[ 2016-03-19T16:55:55+08:00 ] ::1 /graduationproject/index.php/home/login/forgot.html
INFO: [ app_init ] --START--
INFO: Run Behavior\BuildLiteBehavior [ RunTime:0.000011s ]
INFO: [ app_init ] --END-- [ RunTime:0.000263s ]

[ 2016-03-19T16:55:56+08:00 ] ::1 /graduationproject/index.php/home/login/forgot.html
INFO: [ app_init ] --START--
INFO: Run Behavior\BuildLiteBehavior [ RunTime:0.000008s ]
INFO: [ app_init ] --END-- [ RunTime:0.000309s ]

[ 2016-03-19T16:56:01+08:00 ] ::1 /graduationproject/index.php/home/login/forgot.html
INFO: [ app_init ] --START--
INFO: Run Behavior\BuildLiteBehavior [ RunTime:0.000006s ]
INFO: [ app_init ] --END-- [ RunTime:0.000185s ]

[ 2016-03-19T16:56:01+08:00 ] ::1 /graduationproject/index.php/home/login/forgot.html
INFO: [ app_init ] --START--
INFO: Run Behavior\BuildLiteBehavior [ RunTime:0.000008s ]
INFO: [ app_init ] --END-- [ RunTime:0.000236s ]

[ 2016-03-19T16:56:01+08:00 ] ::1 /graduationproject/index.php/home/login/forgot.html
INFO: [ app_init ] --START--
INFO: Run Behavior\BuildLiteBehavior [ RunTime:0.000007s ]
INFO: [ app_init ] --END-- [ RunTime:0.000190s ]

[ 2016-03-19T16:56:08+08:00 ] ::1 /graduationproject/index.php/home/login/forgot.html
INFO: [ app_init ] --START--
INFO: Run Behavior\BuildLiteBehavior [ RunTime:0.000012s ]
INFO: [ app_init ] --END-- [ RunTime:0.000367s ]

[ 2016-03-19T16:56:08+08:00 ] ::1 /graduationproject/index.php/home/login/forgot.html
INFO: [ app_init ] --START--
INFO: Run Behavior\BuildLiteBehavior [ RunTime:0.000007s ]
INFO: [ app_init ] --END-- [ RunTime:0.000202s ]

[ 2016-03-19T16:56:08+08:00 ] ::1 /graduationproject/index.php/home/login/forgot.html
INFO: [ app_init ] --START--
INFO: Run Behavior\BuildLiteBehavior [ RunTime:0.000007s ]
INFO: [ app_init ] --END-- [ RunTime:0.000237s ]

[ 2016-03-19T16:56:09+08:00 ] ::1 /graduationproject/index.php/home/login/forgot.html
INFO: [ app_init ] --START--
INFO: Run Behavior\BuildLiteBehavior [ RunTime:0.000007s ]
INFO: [ app_init ] --END-- [ RunTime:0.000269s ]

[ 2016-03-19T16:56:14+08:00 ] ::1 /graduationproject/index.php/home/login/forgot.html
INFO: [ app_init ] --START--
INFO: Run Behavior\BuildLiteBehavior [ RunTime:0.000007s ]
INFO: [ app_init ] --END-- [ RunTime:0.000198s ]

[ 2016-03-19T16:56:15+08:00 ] ::1 /graduationproject/index.php/home/login/forgot.html
INFO: [ app_init ] --START--
INFO: Run Behavior\BuildLiteBehavior [ RunTime:0.000011s ]
INFO: [ app_init ] --END-- [ RunTime:0.000332s ]

[ 2016-03-19T16:56:21+08:00 ] ::1 /graduationproject/index.php/home/login/forgot.html
INFO: [ app_init ] --START--
INFO: Run Behavior\BuildLiteBehavior [ RunTime:0.000007s ]
INFO: [ app_init ] --END-- [ RunTime:0.000239s ]

[ 2016-03-19T16:56:39+08:00 ] ::1 /graduationproject/index.php/home/login/forgot.html
INFO: [ app_init ] --START--
INFO: Run Behavior\BuildLiteBehavior [ RunTime:0.000006s ]
INFO: [ app_init ] --END-- [ RunTime:0.000209s ]

[ 2016-03-19T16:56:39+08:00 ] ::1 /graduationproject/index.php/home/login/forgot.html
INFO: [ app_init ] --START--
INFO: Run Behavior\BuildLiteBehavior [ RunTime:0.000014s ]
INFO: [ app_init ] --END-- [ RunTime:0.000375s ]

[ 2016-03-19T16:56:39+08:00 ] ::1 /graduationproject/index.php/home/login/forgot.html
INFO: [ app_init ] --START--
INFO: Run Behavior\BuildLiteBehavior [ RunTime:0.000007s ]
INFO: [ app_init ] --END-- [ RunTime:0.000187s ]

[ 2016-03-19T16:56:40+08:00 ] ::1 /graduationproject/index.php/home/login/forgot.html
INFO: [ app_init ] --START--
INFO: Run Behavior\BuildLiteBehavior [ RunTime:0.000017s ]
INFO: [ app_init ] --END-- [ RunTime:0.000321s ]

[ 2016-03-19T16:56:51+08:00 ] ::1 /graduationproject/index.php/home/login/forgot.html
INFO: [ app_init ] --START--
INFO: Run Behavior\BuildLiteBehavior [ RunTime:0.000015s ]
INFO: [ app_init ] --END-- [ RunTime:0.000228s ]

[ 2016-03-19T16:56:51+08:00 ] ::1 /graduationproject/index.php/home/login/forgot.html
INFO: [ app_init ] --START--
INFO: Run Behavior\BuildLiteBehavior [ RunTime:0.000005s ]
INFO: [ app_init ] --END-- [ RunTime:0.000180s ]

[ 2016-03-19T16:56:51+08:00 ] ::1 /graduationproject/index.php/home/login/forgot.html
INFO: [ app_init ] --START--
INFO: Run Behavior\BuildLiteBehavior [ RunTime:0.000007s ]
INFO: [ app_init ] --END-- [ RunTime:0.000182s ]

[ 2016-03-19T16:56:52+08:00 ] ::1 /graduationproject/index.php/home/login/forgot.html
INFO: [ app_init ] --START--
INFO: Run Behavior\BuildLiteBehavior [ RunTime:0.000007s ]
INFO: [ app_init ] --END-- [ RunTime:0.000212s ]

[ 2016-03-19T16:57:52+08:00 ] ::1 /graduationproject/index.php/home/login/forgot.html
INFO: [ app_init ] --START--
INFO: Run Behavior\BuildLiteBehavior [ RunTime:0.000017s ]
INFO: [ app_init ] --END-- [ RunTime:0.003957s ]

[ 2016-03-19T16:57:53+08:00 ] ::1 /graduationproject/index.php/home/login/forgot.html
INFO: [ app_init ] --START--
INFO: Run Behavior\BuildLiteBehavior [ RunTime:0.000007s ]
INFO: [ app_init ] --END-- [ RunTime:0.000189s ]

[ 2016-03-19T16:58:00+08:00 ] ::1 /graduationproject/index.php/home/login/forgot.html
INFO: [ app_init ] --START--
INFO: Run Behavior\BuildLiteBehavior [ RunTime:0.000006s ]
INFO: [ app_init ] --END-- [ RunTime:0.000180s ]

[ 2016-03-19T16:58:01+08:00 ] ::1 /graduationproject/index.php/home/login/forgot.html
INFO: [ app_init ] --START--
INFO: Run Behavior\BuildLiteBehavior [ RunTime:0.000006s ]
INFO: [ app_init ] --END-- [ RunTime:0.000178s ]

[ 2016-03-19T16:58:17+08:00 ] ::1 /graduationproject/index.php/home/login/forgot.html
INFO: [ app_init ] --START--
INFO: Run Behavior\BuildLiteBehavior [ RunTime:0.000006s ]
INFO: [ app_init ] --END-- [ RunTime:0.000179s ]

[ 2016-03-19T16:58:47+08:00 ] ::1 /graduationproject/index.php/home/login/forgot.html
INFO: [ app_init ] --START--
INFO: Run Behavior\BuildLiteBehavior [ RunTime:0.000009s ]
INFO: [ app_init ] --END-- [ RunTime:0.000347s ]

[ 2016-03-19T16:59:06+08:00 ] ::1 /graduationproject/index.php/home/login/forgot.html
INFO: [ app_init ] --START--
INFO: Run Behavior\BuildLiteBehavior [ RunTime:0.000006s ]
INFO: [ app_init ] --END-- [ RunTime:0.000181s ]

