[ 2016-03-14T09:56:16+08:00 ] ::1 /graduationproject/index.php/home/img/imageUpload.html
INFO: [ app_init ] --START--
INFO: Run Behavior\BuildLiteBehavior [ RunTime:0.000033s ]
INFO: [ app_init ] --END-- [ RunTime:0.007049s ]

[ 2016-03-14T09:56:18+08:00 ] ::1 /graduationproject/index.php/home/nation/index.html
INFO: [ app_init ] --START--
INFO: Run Behavior\BuildLiteBehavior [ RunTime:0.000010s ]
INFO: [ app_init ] --END-- [ RunTime:0.000238s ]

[ 2016-03-14T10:02:53+08:00 ] ::1 /graduationproject/index.php/home/nation/index.html
INFO: [ app_init ] --START--
INFO: Run Behavior\BuildLiteBehavior [ RunTime:0.000024s ]
INFO: [ app_init ] --END-- [ RunTime:0.003979s ]

[ 2016-03-14T10:02:55+08:00 ] ::1 /graduationproject/index.php/home/nation/index.html
INFO: [ app_init ] --START--
INFO: Run Behavior\BuildLiteBehavior [ RunTime:0.000007s ]
INFO: [ app_init ] --END-- [ RunTime:0.000187s ]

[ 2016-03-14T10:03:12+08:00 ] ::1 /graduationproject/index.php/home/nation/index.html
INFO: [ app_init ] --START--
INFO: Run Behavior\BuildLiteBehavior [ RunTime:0.000010s ]
INFO: [ app_init ] --END-- [ RunTime:0.000270s ]

[ 2016-03-14T10:03:12+08:00 ] ::1 /graduationproject/index.php/home/nation/index.html
INFO: [ app_init ] --START--
INFO: Run Behavior\BuildLiteBehavior [ RunTime:0.000009s ]
INFO: [ app_init ] --END-- [ RunTime:0.000251s ]

[ 2016-03-14T10:03:54+08:00 ] ::1 /graduationproject/index.php/home/nation/index.html
INFO: [ app_init ] --START--
INFO: Run Behavior\BuildLiteBehavior [ RunTime:0.000015s ]
INFO: [ app_init ] --END-- [ RunTime:0.000397s ]

[ 2016-03-14T10:03:54+08:00 ] ::1 /graduationproject/index.php/home/nation/index.html
INFO: [ app_init ] --START--
INFO: Run Behavior\BuildLiteBehavior [ RunTime:0.000010s ]
INFO: [ app_init ] --END-- [ RunTime:0.000251s ]

[ 2016-03-14T10:05:36+08:00 ] ::1 /graduationproject/index.php/home/nation/index.html
INFO: [ app_init ] --START--
INFO: Run Behavior\BuildLiteBehavior [ RunTime:0.000008s ]
INFO: [ app_init ] --END-- [ RunTime:0.000257s ]

[ 2016-03-14T10:06:00+08:00 ] ::1 /graduationproject/index.php/home/nation/index.html
INFO: [ app_init ] --START--
INFO: Run Behavior\BuildLiteBehavior [ RunTime:0.000010s ]
INFO: [ app_init ] --END-- [ RunTime:0.000375s ]

[ 2016-03-14T10:06:00+08:00 ] ::1 /graduationproject/index.php/home/nation/index.html
INFO: [ app_init ] --START--
INFO: Run Behavior\BuildLiteBehavior [ RunTime:0.000007s ]
INFO: [ app_init ] --END-- [ RunTime:0.000202s ]

[ 2016-03-14T10:06:11+08:00 ] ::1 /graduationproject/index.php/home/nation/index.html
INFO: [ app_init ] --START--
INFO: Run Behavior\BuildLiteBehavior [ RunTime:0.000018s ]
INFO: [ app_init ] --END-- [ RunTime:0.000490s ]

[ 2016-03-14T10:06:11+08:00 ] ::1 /graduationproject/index.php/home/nation/index.html
INFO: [ app_init ] --START--
INFO: Run Behavior\BuildLiteBehavior [ RunTime:0.000016s ]
INFO: [ app_init ] --END-- [ RunTime:0.000434s ]

[ 2016-03-14T10:06:11+08:00 ] ::1 /graduationproject/index.php/home/nation/index.html
INFO: [ app_init ] --START--
INFO: Run Behavior\BuildLiteBehavior [ RunTime:0.000012s ]
INFO: [ app_init ] --END-- [ RunTime:0.000409s ]

[ 2016-03-14T10:08:25+08:00 ] ::1 /graduationproject/index.php/home/nation/index.html
INFO: [ app_init ] --START--
INFO: Run Behavior\BuildLiteBehavior [ RunTime:0.000015s ]
INFO: [ app_init ] --END-- [ RunTime:0.004119s ]

[ 2016-03-14T10:08:25+08:00 ] ::1 /graduationproject/index.php/home/nation/index.html
INFO: [ app_init ] --START--
INFO: Run Behavior\BuildLiteBehavior [ RunTime:0.000013s ]
INFO: [ app_init ] --END-- [ RunTime:0.000372s ]

[ 2016-03-14T10:08:26+08:00 ] ::1 /graduationproject/index.php/home/nation/index.html
INFO: [ app_init ] --START--
INFO: Run Behavior\BuildLiteBehavior [ RunTime:0.000007s ]
INFO: [ app_init ] --END-- [ RunTime:0.000180s ]

[ 2016-03-14T10:08:27+08:00 ] ::1 /graduationproject/index.php/home/nation/index.html
INFO: [ app_init ] --START--
INFO: Run Behavior\BuildLiteBehavior [ RunTime:0.000009s ]
INFO: [ app_init ] --END-- [ RunTime:0.000294s ]

[ 2016-03-14T10:08:38+08:00 ] ::1 /graduationproject/index.php/home/nation/index.html
INFO: [ app_init ] --START--
INFO: Run Behavior\BuildLiteBehavior [ RunTime:0.000011s ]
INFO: [ app_init ] --END-- [ RunTime:0.000273s ]

[ 2016-03-14T10:08:38+08:00 ] ::1 /graduationproject/index.php/home/nation/index.html
INFO: [ app_init ] --START--
INFO: Run Behavior\BuildLiteBehavior [ RunTime:0.000010s ]
INFO: [ app_init ] --END-- [ RunTime:0.000252s ]

[ 2016-03-14T10:09:27+08:00 ] ::1 /graduationproject/index.php/home/nation/index.html
INFO: [ app_init ] --START--
INFO: Run Behavior\BuildLiteBehavior [ RunTime:0.000006s ]
INFO: [ app_init ] --END-- [ RunTime:0.000182s ]

[ 2016-03-14T10:09:27+08:00 ] ::1 /graduationproject/index.php/home/nation/index.html
INFO: [ app_init ] --START--
INFO: Run Behavior\BuildLiteBehavior [ RunTime:0.000009s ]
INFO: [ app_init ] --END-- [ RunTime:0.000231s ]

[ 2016-03-14T10:09:27+08:00 ] ::1 /graduationproject/index.php/home/nation/index.html
INFO: [ app_init ] --START--
INFO: Run Behavior\BuildLiteBehavior [ RunTime:0.000010s ]
INFO: [ app_init ] --END-- [ RunTime:0.000265s ]

[ 2016-03-14T10:09:41+08:00 ] ::1 /graduationproject/index.php/home/nation/index.html
INFO: [ app_init ] --START--
INFO: Run Behavior\BuildLiteBehavior [ RunTime:0.000016s ]
INFO: [ app_init ] --END-- [ RunTime:0.000503s ]

[ 2016-03-14T10:09:41+08:00 ] ::1 /graduationproject/index.php/home/nation/index.html
INFO: [ app_init ] --START--
INFO: Run Behavior\BuildLiteBehavior [ RunTime:0.000012s ]
INFO: [ app_init ] --END-- [ RunTime:0.000315s ]

[ 2016-03-14T10:09:42+08:00 ] ::1 /graduationproject/index.php/home/nation/index.html
INFO: [ app_init ] --START--
INFO: Run Behavior\BuildLiteBehavior [ RunTime:0.000010s ]
INFO: [ app_init ] --END-- [ RunTime:0.000245s ]

[ 2016-03-14T10:09:58+08:00 ] ::1 /graduationproject/index.php/home/nation/index.html
INFO: [ app_init ] --START--
INFO: Run Behavior\BuildLiteBehavior [ RunTime:0.000009s ]
INFO: [ app_init ] --END-- [ RunTime:0.000299s ]

[ 2016-03-14T10:09:58+08:00 ] ::1 /graduationproject/index.php/home/nation/index.html
INFO: [ app_init ] --START--
INFO: Run Behavior\BuildLiteBehavior [ RunTime:0.000013s ]
INFO: [ app_init ] --END-- [ RunTime:0.000364s ]

[ 2016-03-14T10:09:59+08:00 ] ::1 /graduationproject/index.php/home/nation/index.html
INFO: [ app_init ] --START--
INFO: Run Behavior\BuildLiteBehavior [ RunTime:0.000017s ]
INFO: [ app_init ] --END-- [ RunTime:0.000513s ]

[ 2016-03-14T10:10:23+08:00 ] ::1 /graduationproject/index.php/home/nation/index.html
INFO: [ app_init ] --START--
INFO: Run Behavior\BuildLiteBehavior [ RunTime:0.000006s ]
INFO: [ app_init ] --END-- [ RunTime:0.000190s ]

[ 2016-03-14T10:10:32+08:00 ] ::1 /graduationproject/index.php/home/nation/index.html
INFO: [ app_init ] --START--
INFO: Run Behavior\BuildLiteBehavior [ RunTime:0.000009s ]
INFO: [ app_init ] --END-- [ RunTime:0.000258s ]

[ 2016-03-14T10:10:44+08:00 ] ::1 /graduationproject/index.php/home/nation/index.html
INFO: [ app_init ] --START--
INFO: Run Behavior\BuildLiteBehavior [ RunTime:0.000008s ]
INFO: [ app_init ] --END-- [ RunTime:0.000441s ]

